<?xml version="1.0" encoding="UTF-8"?>
<!-- Generated by org.testng.reporters.JUnitXMLReporter -->
<testsuite hostname="ip-172-31-76-77" ignored="0" name="Chrome Test" tests="3" failures="1" timestamp="2020-10-29T04:28:34 UTC" time="18.251" errors="0">
  <testcase name="loginToApplication" time="3.109" classname="dataDriven.Guru99Project"/>
  <testcase name="loginToApplication" time="3.594" classname="dataDriven.Guru99Project"/>
  <testcase name="loginToApplication" time="3.234" classname="dataDriven.Guru99Project">
    <failure type="java.lang.AssertionError" message="The following asserts failed:
	expected [Guru99 Bank Manager HomePage] but found [Guru99 Bank Home Page],
	expected [http://demo.guru99.com/v4/manager/Managerhomepage.php] but found [http://demo.guru99.com/v4/]">
      <![CDATA[java.lang.AssertionError: The following asserts failed:
expected [Guru99 Bank Manager HomePage] but found [Guru99 Bank Home Page],
expected [http://demo.guru99.com/v4/manager/Managerhomepage.php] but found [http://demo.guru99.com/v4/]
at dataDriven.Guru99Project.loginToApplication(Guru99Project.java:80)
at java.util.ArrayList.forEach(ArrayList.java:1259)
at java.util.concurrent.FutureTask.run(FutureTask.java:266)
at java.util.concurrent.ThreadPoolExecutor.runWorker(ThreadPoolExecutor.java:1149)
at java.util.concurrent.ThreadPoolExecutor$Worker.run(ThreadPoolExecutor.java:624)
at java.lang.Thread.run(Thread.java:748)
... Removed 20 stack frames]]>
    </failure>
  </testcase> <!-- loginToApplication -->
</testsuite> <!-- Chrome Test -->
