<?xml version="1.0" encoding="UTF-8"?>
<!-- Generated by org.testng.reporters.JUnitXMLReporter -->
<testsuite hostname="ip-172-31-76-77" ignored="0" name="Firefox Test" tests="1" failures="1" timestamp="2020-10-28T07:25:29 UTC" time="8.266" errors="0">
  <testcase name="loginToApplication" time="0.963" classname="day6.Guru99Project">
    <failure type="java.lang.AssertionError" message="The following asserts failed:
	expected [Guru99 Bank Manager HomePage 1] but found [Guru99 Bank Manager HomePage],
	expected [http://demo.guru99.com/v4/manager/Managerhomepage.php44] but found [http://demo.guru99.com/v4/manager/Managerhomepage.php]">
      <![CDATA[java.lang.AssertionError: The following asserts failed:
expected [Guru99 Bank Manager HomePage 1] but found [Guru99 Bank Manager HomePage],
expected [http://demo.guru99.com/v4/manager/Managerhomepage.php44] but found [http://demo.guru99.com/v4/manager/Managerhomepage.php]
at day6.Guru99Project.loginToApplication(Guru99Project.java:83)
at java.util.ArrayList.forEach(ArrayList.java:1259)
at java.util.concurrent.FutureTask.run(FutureTask.java:266)
at java.util.concurrent.ThreadPoolExecutor.runWorker(ThreadPoolExecutor.java:1149)
at java.util.concurrent.ThreadPoolExecutor$Worker.run(ThreadPoolExecutor.java:624)
at java.lang.Thread.run(Thread.java:748)
... Removed 20 stack frames]]>
    </failure>
  </testcase> <!-- loginToApplication -->
</testsuite> <!-- Firefox Test -->
